D:\Raj\Projects\Dotnet\DutchTreat\dist\out-tsc\ClientApp\app\app.component.js
D:\Raj\Projects\Dotnet\DutchTreat\dist\out-tsc\ClientApp\app\app.component.js.map
D:\Raj\Projects\Dotnet\DutchTreat\dist\out-tsc\ClientApp\app\shared\product.js
D:\Raj\Projects\Dotnet\DutchTreat\dist\out-tsc\ClientApp\app\shared\product.js.map
D:\Raj\Projects\Dotnet\DutchTreat\dist\out-tsc\ClientApp\app\shared\dataService.js
D:\Raj\Projects\Dotnet\DutchTreat\dist\out-tsc\ClientApp\app\shared\dataService.js.map
D:\Raj\Projects\Dotnet\DutchTreat\dist\out-tsc\ClientApp\app\shop\productList.component.js
D:\Raj\Projects\Dotnet\DutchTreat\dist\out-tsc\ClientApp\app\shop\productList.component.js.map
D:\Raj\Projects\Dotnet\DutchTreat\dist\out-tsc\ClientApp\app\app.module.js
D:\Raj\Projects\Dotnet\DutchTreat\dist\out-tsc\ClientApp\app\app.module.js.map
D:\Raj\Projects\Dotnet\DutchTreat\dist\out-tsc\ClientApp\environments\environment.js
D:\Raj\Projects\Dotnet\DutchTreat\dist\out-tsc\ClientApp\environments\environment.js.map
D:\Raj\Projects\Dotnet\DutchTreat\dist\out-tsc\ClientApp\main.js
D:\Raj\Projects\Dotnet\DutchTreat\dist\out-tsc\ClientApp\main.js.map
D:\Raj\Projects\Dotnet\DutchTreat\dist\out-tsc\ClientApp\polyfills.js
D:\Raj\Projects\Dotnet\DutchTreat\dist\out-tsc\ClientApp\polyfills.js.map
D:\Raj\Projects\Dotnet\DutchTreat\dist\out-tsc\ClientApp\test.js
D:\Raj\Projects\Dotnet\DutchTreat\dist\out-tsc\ClientApp\test.js.map
D:\Raj\Projects\Dotnet\DutchTreat\dist\out-tsc\ClientApp\environments\environment.prod.js
D:\Raj\Projects\Dotnet\DutchTreat\dist\out-tsc\ClientApp\environments\environment.prod.js.map
D:\Raj\Projects\Dotnet\DutchTreat\dist\out-tsc\dutch-app\e2e\src\app.po.js
D:\Raj\Projects\Dotnet\DutchTreat\dist\out-tsc\dutch-app\e2e\src\app.po.js.map
D:\Raj\Projects\Dotnet\DutchTreat\dist\out-tsc\dutch-app\e2e\src\app.e2e-spec.js
D:\Raj\Projects\Dotnet\DutchTreat\dist\out-tsc\dutch-app\e2e\src\app.e2e-spec.js.map
D:\Raj\Projects\Dotnet\DutchTreat\dist\out-tsc\dutch-app\src\app\app.component.js
D:\Raj\Projects\Dotnet\DutchTreat\dist\out-tsc\dutch-app\src\app\app.component.js.map
D:\Raj\Projects\Dotnet\DutchTreat\dist\out-tsc\dutch-app\src\app\app.module.js
D:\Raj\Projects\Dotnet\DutchTreat\dist\out-tsc\dutch-app\src\app\app.module.js.map
D:\Raj\Projects\Dotnet\DutchTreat\dist\out-tsc\dutch-app\src\environments\environment.js
D:\Raj\Projects\Dotnet\DutchTreat\dist\out-tsc\dutch-app\src\environments\environment.js.map
D:\Raj\Projects\Dotnet\DutchTreat\dist\out-tsc\dutch-app\src\main.js
D:\Raj\Projects\Dotnet\DutchTreat\dist\out-tsc\dutch-app\src\main.js.map
D:\Raj\Projects\Dotnet\DutchTreat\dist\out-tsc\dutch-app\src\polyfills.js
D:\Raj\Projects\Dotnet\DutchTreat\dist\out-tsc\dutch-app\src\polyfills.js.map
D:\Raj\Projects\Dotnet\DutchTreat\dist\out-tsc\dutch-app\src\test.js
D:\Raj\Projects\Dotnet\DutchTreat\dist\out-tsc\dutch-app\src\test.js.map
D:\Raj\Projects\Dotnet\DutchTreat\dist\out-tsc\dutch-app\src\environments\environment.prod.js
D:\Raj\Projects\Dotnet\DutchTreat\dist\out-tsc\dutch-app\src\environments\environment.prod.js.map
D:\Raj\Projects\Dotnet\DutchTreat\dist\out-tsc\wwwroot\ts\main.js
D:\Raj\Projects\Dotnet\DutchTreat\dist\out-tsc\wwwroot\ts\main.js.map
D:\Raj\Projects\Dotnet\DutchTreat\dist\out-tsc\wwwroot\ts\storecustomer.js
D:\Raj\Projects\Dotnet\DutchTreat\dist\out-tsc\wwwroot\ts\storecustomer.js.map
